{
  "RSpec": {
    "coverage": {
      "/Users/bensilverstein/turing/1Module/projects_enigma/enigma/spec/cipher_spec.rb": {
        "lines": [
          1,
          null,
          1,
          null,
          1,
          1,
          1,
          null,
          null,
          1,
          1,
          1,
          1,
          null,
          null,
          1,
          1,
          1,
          1,
          null,
          null,
          1,
          1,
          1,
          1,
          1,
          null,
          null,
          null
        ]
      },
      "/Users/bensilverstein/turing/1Module/projects_enigma/enigma/lib/cipher.rb": {
        "lines": [
          1,
          1,
          1,
          null,
          null,
          null,
          null,
          null,
          null,
          null,
          null,
          4,
          4,
          4,
          4,
          null,
          null,
          1,
          null,
          null,
          2,
          2,
          2,
          2,
          null,
          null,
          1,
          2,
          2,
          2,
          2,
          2,
          null,
          null,
          1,
          2,
          2,
          null,
          4,
          2,
          2,
          2,
          null,
          null
        ]
      },
      "/Users/bensilverstein/turing/1Module/projects_enigma/enigma/spec/decryptor_spec.rb": {
        "lines": [
          1,
          null,
          1,
          1,
          6,
          null,
          null,
          1,
          1,
          null,
          null,
          1,
          1,
          1,
          null,
          null,
          1,
          1,
          null,
          null,
          1,
          1,
          1,
          null,
          null,
          1,
          1,
          1,
          null,
          null,
          1,
          null,
          1,
          null,
          null,
          null,
          null,
          null,
          null,
          null,
          null,
          null
        ]
      },
      "/Users/bensilverstein/turing/1Module/projects_enigma/enigma/lib/decryptor.rb": {
        "lines": [
          1,
          null,
          1,
          1,
          1,
          null,
          1,
          7,
          7,
          7,
          7,
          7,
          7,
          7,
          7,
          7,
          null,
          null,
          1,
          2,
          null,
          null,
          1,
          2,
          2,
          22,
          6,
          16,
          6,
          10,
          6,
          4,
          4,
          null,
          null,
          2,
          null,
          null,
          1,
          23,
          23,
          23,
          23,
          23,
          23,
          23,
          23,
          23,
          null,
          23,
          23,
          23,
          23,
          null,
          null,
          null,
          null
        ]
      },
      "/Users/bensilverstein/turing/1Module/projects_enigma/enigma/lib/shiftable.rb": {
        "lines": [
          1,
          null,
          1,
          15,
          15,
          null,
          null,
          1,
          15,
          15,
          null,
          null,
          1,
          15,
          15,
          null,
          null,
          1,
          10,
          10,
          null,
          null,
          1,
          6,
          null,
          null,
          1,
          6,
          null,
          null,
          1,
          6,
          null,
          null,
          1,
          4,
          null,
          null,
          null
        ]
      },
      "/Users/bensilverstein/turing/1Module/projects_enigma/enigma/spec/encryptor_spec.rb": {
        "lines": [
          1,
          null,
          1,
          1,
          7,
          null,
          null,
          1,
          1,
          null,
          null,
          1,
          1,
          1,
          null,
          null,
          1,
          1,
          1,
          null,
          null,
          1,
          1,
          null,
          null,
          1,
          1,
          1,
          null,
          null,
          1,
          1,
          1,
          null,
          null,
          1,
          null,
          1,
          null,
          null,
          null,
          null,
          null,
          null,
          null,
          null,
          null
        ]
      },
      "/Users/bensilverstein/turing/1Module/projects_enigma/enigma/lib/encryptor.rb": {
        "lines": [
          1,
          null,
          1,
          1,
          1,
          null,
          1,
          9,
          9,
          9,
          9,
          9,
          9,
          9,
          9,
          9,
          null,
          null,
          1,
          2,
          null,
          null,
          1,
          2,
          null,
          null,
          1,
          34,
          34,
          34,
          34,
          34,
          34,
          34,
          34,
          34,
          null,
          34,
          34,
          34,
          34,
          null,
          null,
          null,
          1,
          3,
          3,
          33,
          9,
          24,
          9,
          15,
          9,
          6,
          6,
          null,
          null,
          3,
          null,
          null,
          null
        ]
      },
      "/Users/bensilverstein/turing/1Module/projects_enigma/enigma/spec/enigma_spec.rb": {
        "lines": [
          1,
          null,
          1,
          1,
          4,
          null,
          null,
          1,
          1,
          null,
          null,
          1,
          1,
          null,
          null,
          null,
          null,
          null,
          1,
          1,
          null,
          null,
          null,
          null,
          null,
          1,
          1,
          1,
          1,
          1,
          null,
          null
        ]
      },
      "/Users/bensilverstein/turing/1Module/projects_enigma/enigma/lib/enigma.rb": {
        "lines": [
          1,
          1,
          1,
          null,
          1,
          null,
          1,
          2,
          null,
          null,
          1,
          1,
          null,
          null,
          1,
          1,
          null,
          null,
          null,
          null,
          null
        ]
      }
    },
    "timestamp": 1655164239
  }
}
